f:\kict_mp\debug\kict_mp.pch
f:\kict_mp\debug\vc120.pdb
f:\kict_mp\debug\vc120.idb
f:\kict_mp\debug\stdafx.obj
f:\kict_mp\debug\kict_mp.obj
f:\kict_mp\debug\kict_mpdlg.obj
f:\kict_mp\debug\screen.obj
f:\kict_mp\debug\kict_mp.ilk
f:\kict_mp\debug\kict_mp.exe
f:\kict_mp\debug\kict_mp.pdb
f:\kict_mp\debug\kict_mp.res
f:\kict_mp\debug\kict_mp.tlog\cl.command.1.tlog
f:\kict_mp\debug\kict_mp.tlog\cl.read.1.tlog
f:\kict_mp\debug\kict_mp.tlog\cl.write.1.tlog
f:\kict_mp\debug\kict_mp.tlog\link.command.1.tlog
f:\kict_mp\debug\kict_mp.tlog\link.read.1.tlog
f:\kict_mp\debug\kict_mp.tlog\link.write.1.tlog
f:\kict_mp\debug\kict_mp.tlog\rc.command.1.tlog
f:\kict_mp\debug\kict_mp.tlog\rc.read.1.tlog
f:\kict_mp\debug\kict_mp.tlog\rc.write.1.tlog
