e:\kict_gui\x64\debug\kict_mp.pch
e:\kict_gui\x64\debug\vc120.pdb
e:\kict_gui\x64\debug\vc120.idb
e:\kict_gui\x64\debug\stdafx.obj
e:\kict_gui\x64\debug\gamepad.obj
e:\kict_gui\x64\debug\ipcamera.obj
e:\kict_gui\x64\debug\ipsetting.obj
e:\kict_gui\x64\debug\kict_mp.obj
e:\kict_gui\x64\debug\kict_mpdlg.obj
e:\kict_gui\x64\debug\load.obj
e:\kict_gui\x64\debug\mymosq.obj
e:\kict_gui\x64\debug\openglclass.obj
e:\kict_gui\x64\debug\oscopectrl.obj
e:\kict_gui\x64\debug\save.obj
e:\kict_gui\x64\debug\screen.obj
e:\kict_gui\x64\debug\timer.obj
e:\kict_gui\x64\debug\kict_mp.ilk
e:\kict_gui\x64\debug\kict_mp.exe
e:\kict_gui\x64\debug\kict_mp.pdb
e:\kict_gui\x64\debug\kict_mp.res
e:\kict_gui\x64\debug\kict_mp.tlog\cl.command.1.tlog
e:\kict_gui\x64\debug\kict_mp.tlog\cl.read.1.tlog
e:\kict_gui\x64\debug\kict_mp.tlog\cl.write.1.tlog
e:\kict_gui\x64\debug\kict_mp.tlog\link.command.1.tlog
e:\kict_gui\x64\debug\kict_mp.tlog\link.read.1.tlog
e:\kict_gui\x64\debug\kict_mp.tlog\link.write.1.tlog
e:\kict_gui\x64\debug\kict_mp.tlog\rc.command.1.tlog
e:\kict_gui\x64\debug\kict_mp.tlog\rc.read.1.tlog
e:\kict_gui\x64\debug\kict_mp.tlog\rc.write.1.tlog
